<?xml version="1.0" encoding="UTF-8"?>
<testng-results skipped="0" failed="0" ignored="0" total="1" passed="1">
  <reporter-output>
  </reporter-output>
  <suite name="Jenkins Integration Test" duration-ms="9676" started-at="2020-10-15T08:43:22Z" finished-at="2020-10-15T08:43:31Z">
    <groups>
    </groups>
    <test name="Login" duration-ms="9676" started-at="2020-10-15T08:43:22Z" finished-at="2020-10-15T08:43:31Z">
      <class name="com.qa.JenkinsTest.LoginTest">
        <test-method status="PASS" signature="initObj()[pri:0, instance:com.qa.JenkinsTest.LoginTest@6a2bcfcb]" name="initObj" is-config="true" duration-ms="2730" started-at="2020-10-15T14:13:22Z" finished-at="2020-10-15T14:13:24Z">
          <reporter-output>
          </reporter-output>
        </test-method> <!-- initObj -->
        <test-method status="PASS" signature="testLogin()[pri:0, instance:com.qa.JenkinsTest.LoginTest@6a2bcfcb]" name="testLogin" duration-ms="6928" started-at="2020-10-15T14:13:24Z" finished-at="2020-10-15T14:13:31Z">
          <reporter-output>
          </reporter-output>
        </test-method> <!-- testLogin -->
      </class> <!-- com.qa.JenkinsTest.LoginTest -->
    </test> <!-- Login -->
  </suite> <!-- Jenkins Integration Test -->
</testng-results>
